TN:
SF:src/app.ts
FN:13,(anonymous_7)
FNF:1
FNH:0
FNDA:0,(anonymous_7)
DA:1,1
DA:2,1
DA:4,1
DA:6,1
DA:8,1
DA:9,1
DA:11,1
DA:13,1
DA:14,0
DA:17,1
LF:10
LH:9
BRF:0
BRH:0
end_of_record
TN:
SF:src/database.ts
FNF:0
FNH:0
DA:1,1
DA:3,1
DA:5,1
DA:7,1
LF:4
LH:4
BRF:0
BRH:0
end_of_record
TN:
SF:src/controllers/productController.ts
FN:4,createProduct
FNF:1
FNH:0
FNDA:0,createProduct
DA:1,1
DA:5,0
DA:6,0
DA:8,0
DA:10,0
DA:16,1
LF:6
LH:2
BRDA:11,0,0,0
BRDA:11,0,1,0
BRDA:12,1,0,0
BRDA:12,1,1,0
BRF:4
BRH:0
end_of_record
TN:
SF:src/controllers/userController.ts
FN:4,createUser
FN:19,signIn
FNF:2
FNH:0
FNDA:0,createUser
FNDA:0,signIn
DA:2,1
DA:5,0
DA:6,0
DA:7,0
DA:9,0
DA:11,0
DA:13,0
DA:20,0
DA:21,0
DA:23,0
DA:25,0
DA:31,1
LF:12
LH:2
BRDA:14,0,0,0
BRDA:14,0,1,0
BRDA:15,1,0,0
BRDA:15,1,1,0
BRDA:26,2,0,0
BRDA:26,2,1,0
BRDA:27,3,0,0
BRDA:27,3,1,0
BRF:8
BRH:0
end_of_record
TN:
SF:src/errors/errors.ts
FN:1,conflictError
FN:8,unauthorizedError
FNF:2
FNH:0
FNDA:0,conflictError
FNDA:0,unauthorizedError
DA:2,0
DA:9,0
DA:15,1
LF:3
LH:1
BRF:0
BRH:0
end_of_record
TN:
SF:src/middlewares/validateSchemaMiddleware.ts
FN:4,validateSchemaMiddleware
FN:5,(anonymous_1)
FNF:2
FNH:2
FNDA:3,validateSchemaMiddleware
FNDA:4,(anonymous_1)
DA:5,3
DA:6,4
DA:8,4
DA:9,2
DA:12,2
DA:16,1
LF:6
LH:6
BRDA:8,0,0,2
BRF:1
BRH:1
end_of_record
TN:
SF:src/middlewares/validateTokenMiddleware.ts
FN:7,validateTokenMiddleware
FNF:1
FNH:1
FNDA:2,validateTokenMiddleware
DA:1,1
DA:2,1
DA:5,1
DA:12,2
DA:13,2
DA:15,2
DA:16,2
DA:17,0
DA:20,2
DA:25,0
DA:26,0
DA:28,0
DA:30,2
DA:34,1
LF:14
LH:10
BRDA:13,0,0,0
BRDA:13,0,1,2
BRDA:13,1,0,2
BRDA:13,1,1,2
BRDA:16,2,0,0
BRF:5
BRH:3
end_of_record
TN:
SF:src/repositories/productRepository.ts
FN:6,createProduct
FN:12,findProductByName
FNF:2
FNH:0
FNDA:0,createProduct
FNDA:0,findProductByName
DA:2,1
DA:7,0
DA:13,0
DA:20,1
LF:4
LH:2
BRF:0
BRH:0
end_of_record
TN:
SF:src/repositories/userRepository.ts
FN:6,createUser
FN:12,findUserByEmail
FNF:2
FNH:0
FNDA:0,createUser
FNDA:0,findUserByEmail
DA:2,1
DA:7,0
DA:13,0
DA:20,1
LF:4
LH:2
BRF:0
BRH:0
end_of_record
TN:
SF:src/routes/index.ts
FNF:0
FNH:0
DA:1,1
DA:4,1
DA:5,1
DA:7,1
DA:9,1
DA:10,1
DA:12,1
LF:7
LH:7
BRF:0
BRH:0
end_of_record
TN:
SF:src/routes/productRouter.ts
FNF:0
FNH:0
DA:1,1
DA:2,1
DA:3,1
DA:4,1
DA:5,1
DA:7,1
DA:9,1
DA:16,1
LF:8
LH:8
BRF:0
BRH:0
end_of_record
TN:
SF:src/routes/userRouter.ts
FNF:0
FNH:0
DA:1,1
DA:2,1
DA:3,1
DA:4,1
DA:5,1
DA:7,1
DA:9,1
DA:16,1
DA:22,1
LF:9
LH:9
BRF:0
BRH:0
end_of_record
TN:
SF:src/schema/productSchema.ts
FNF:0
FNH:0
DA:1,1
DA:3,1
DA:15,1
LF:3
LH:3
BRF:0
BRH:0
end_of_record
TN:
SF:src/schema/userSchema.ts
FNF:0
FNH:0
DA:1,1
DA:3,1
DA:10,1
DA:15,1
LF:4
LH:4
BRF:0
BRH:0
end_of_record
TN:
SF:src/services/productService.ts
FN:3,createProduct
FNF:1
FNH:0
FNDA:0,createProduct
DA:1,1
DA:4,0
DA:6,0
DA:9,1
LF:4
LH:2
BRF:0
BRH:0
end_of_record
TN:
SF:src/services/userService.ts
FN:10,createUser
FN:29,signIn
FNF:2
FNH:0
FNDA:0,createUser
FNDA:0,signIn
DA:1,1
DA:2,1
DA:3,1
DA:4,1
DA:5,1
DA:8,1
DA:11,0
DA:13,0
DA:14,0
DA:17,0
DA:18,0
DA:20,0
DA:21,0
DA:24,0
DA:26,0
DA:30,0
DA:32,0
DA:33,0
DA:36,0
DA:38,0
DA:39,0
DA:42,0
DA:50,0
DA:53,1
LF:24
LH:7
BRDA:13,0,0,0
BRDA:20,1,0,0
BRDA:20,2,0,0
BRDA:20,2,1,0
BRDA:32,3,0,0
BRDA:38,4,0,0
BRF:6
BRH:0
end_of_record
TN:
SF:test/factories/userFactory.ts
FN:4,createUser
FN:16,createUserAdmin
FNF:2
FNH:2
FNDA:1,createUser
FNDA:3,createUserAdmin
DA:1,1
DA:2,1
DA:5,1
DA:17,3
DA:28,1
LF:5
LH:5
BRF:0
BRH:0
end_of_record
TN:
SF:test/helpers/authenticationHelper.ts
FN:7,generateToken
FNF:1
FNH:1
FNDA:4,generateToken
DA:1,1
DA:2,1
DA:5,1
DA:8,4
DA:14,4
DA:17,1
LF:6
LH:6
BRF:0
BRH:0
end_of_record
